0 verbose cli D:\node.exe D:\node_modules\npm\bin\npm-cli.js
1 info using npm@10.9.0
2 info using node@v22.12.0
3 silly config load:file:D:\node_modules\npm\npmrc
4 silly config load:file:D:\JavaScript\Real Estate Website\backend\.npmrc
5 silly config load:file:C:\Users\user\.npmrc
6 silly config load:file:D:\JavaScript\Real Estate Website\backend\user\npm-global\etc\npmrc
7 verbose title npm install twilio dotenv
8 verbose argv "install" "twilio" "dotenv"
9 verbose logfile logs-max:10 dir:D:\JavaScript\Real Estate Website\backend\%USERPROFILE%\npm-cache\_logs\2025-04-18T10_35_33_882Z-
10 verbose logfile D:\JavaScript\Real Estate Website\backend\%USERPROFILE%\npm-cache\_logs\2025-04-18T10_35_33_882Z-debug-0.log
11 silly logfile start cleaning logs, removing 1 files
12 silly packumentCache heap:4345298944 maxSize:1086324736 maxEntrySize:543162368
13 silly logfile done cleaning log files
14 silly idealTree buildDeps
15 silly fetch manifest twilio@*
16 silly packumentCache full:https://registry.npmjs.org/twilio cache-miss
17 http fetch GET 200 https://registry.npmjs.org/twilio 249ms (cache miss)
18 silly packumentCache full:https://registry.npmjs.org/twilio set size:undefined disposed:false
19 silly fetch manifest dotenv@*
20 silly packumentCache full:https://registry.npmjs.org/dotenv cache-miss
21 http fetch GET 200 https://registry.npmjs.org/dotenv 41ms (cache miss)
22 silly packumentCache full:https://registry.npmjs.org/dotenv set size:undefined disposed:false
23 silly placeDep ROOT dotenv@16.5.0 OK for: backend@1.0.0 want: *
24 silly placeDep ROOT twilio@5.5.2 OK for: backend@1.0.0 want: *
25 silly fetch manifest scmp@^2.1.0
26 silly packumentCache full:https://registry.npmjs.org/scmp cache-miss
27 silly fetch manifest axios@^1.7.8
28 silly packumentCache full:https://registry.npmjs.org/axios cache-miss
29 silly fetch manifest dayjs@^1.11.9
30 silly packumentCache full:https://registry.npmjs.org/dayjs cache-miss
31 silly fetch manifest xmlbuilder@^13.0.2
32 silly packumentCache full:https://registry.npmjs.org/xmlbuilder cache-miss
33 http fetch GET 200 https://registry.npmjs.org/scmp 68ms (cache miss)
34 silly packumentCache full:https://registry.npmjs.org/scmp set size:undefined disposed:false
35 http fetch GET 200 https://registry.npmjs.org/xmlbuilder 108ms (cache miss)
36 silly packumentCache full:https://registry.npmjs.org/xmlbuilder set size:undefined disposed:false
37 http fetch GET 200 https://registry.npmjs.org/axios 120ms (cache miss)
38 silly packumentCache full:https://registry.npmjs.org/axios set size:undefined disposed:false
39 http fetch GET 200 https://registry.npmjs.org/dayjs 143ms (cache miss)
40 silly packumentCache full:https://registry.npmjs.org/dayjs set size:undefined disposed:false
41 silly placeDep ROOT axios@1.8.4 OK for: twilio@5.5.2 want: ^1.7.8
42 silly placeDep ROOT dayjs@1.11.13 OK for: twilio@5.5.2 want: ^1.11.9
43 silly placeDep ROOT scmp@2.1.0 OK for: twilio@5.5.2 want: ^2.1.0
44 silly placeDep ROOT xmlbuilder@13.0.2 OK for: twilio@5.5.2 want: ^13.0.2
45 silly fetch manifest form-data@^4.0.0
46 silly packumentCache full:https://registry.npmjs.org/form-data cache-miss
47 silly fetch manifest proxy-from-env@^1.1.0
48 silly packumentCache full:https://registry.npmjs.org/proxy-from-env cache-miss
49 silly fetch manifest follow-redirects@^1.15.6
50 silly packumentCache full:https://registry.npmjs.org/follow-redirects cache-miss
51 http fetch GET 200 https://registry.npmjs.org/proxy-from-env 64ms (cache miss)
52 silly packumentCache full:https://registry.npmjs.org/proxy-from-env set size:undefined disposed:false
53 http fetch GET 200 https://registry.npmjs.org/follow-redirects 70ms (cache miss)
54 silly packumentCache full:https://registry.npmjs.org/follow-redirects set size:undefined disposed:false
55 http fetch GET 200 https://registry.npmjs.org/form-data 95ms (cache miss)
56 silly packumentCache full:https://registry.npmjs.org/form-data set size:undefined disposed:false
57 silly placeDep ROOT follow-redirects@1.15.9 OK for: axios@1.8.4 want: ^1.15.6
58 silly placeDep ROOT form-data@4.0.2 OK for: axios@1.8.4 want: ^4.0.0
59 silly placeDep ROOT proxy-from-env@1.1.0 OK for: axios@1.8.4 want: ^1.1.0
60 silly fetch manifest asynckit@^0.4.0
61 silly packumentCache full:https://registry.npmjs.org/asynckit cache-miss
62 silly fetch manifest combined-stream@^1.0.8
63 silly packumentCache full:https://registry.npmjs.org/combined-stream cache-miss
64 silly fetch manifest es-set-tostringtag@^2.1.0
65 silly packumentCache full:https://registry.npmjs.org/es-set-tostringtag cache-miss
66 silly fetch manifest mime-types@^2.1.12
67 silly packumentCache full:https://registry.npmjs.org/mime-types cache-miss
68 http fetch GET 200 https://registry.npmjs.org/asynckit 35ms (cache miss)
69 silly packumentCache full:https://registry.npmjs.org/asynckit set size:undefined disposed:false
70 http fetch GET 200 https://registry.npmjs.org/es-set-tostringtag 58ms (cache miss)
71 silly packumentCache full:https://registry.npmjs.org/es-set-tostringtag set size:undefined disposed:false
72 http fetch GET 200 https://registry.npmjs.org/combined-stream 62ms (cache miss)
73 silly packumentCache full:https://registry.npmjs.org/combined-stream set size:undefined disposed:false
74 http fetch GET 200 https://registry.npmjs.org/mime-types 64ms (cache updated)
75 silly packumentCache full:https://registry.npmjs.org/mime-types set size:undefined disposed:false
76 silly placeDep ROOT asynckit@0.4.0 OK for: form-data@4.0.2 want: ^0.4.0
77 silly placeDep ROOT combined-stream@1.0.8 OK for: form-data@4.0.2 want: ^1.0.8
78 silly placeDep ROOT es-set-tostringtag@2.1.0 OK for: form-data@4.0.2 want: ^2.1.0
79 silly placeDep node_modules/form-data mime-types@2.1.35 OK for: form-data@4.0.2 want: ^2.1.12
80 silly fetch manifest delayed-stream@~1.0.0
81 silly packumentCache full:https://registry.npmjs.org/delayed-stream cache-miss
82 silly fetch manifest has-tostringtag@^1.0.2
83 silly packumentCache full:https://registry.npmjs.org/has-tostringtag cache-miss
84 silly fetch manifest mime-db@1.52.0
85 silly packumentCache full:https://registry.npmjs.org/mime-db cache-miss
86 http fetch GET 200 https://registry.npmjs.org/has-tostringtag 33ms (cache miss)
87 silly packumentCache full:https://registry.npmjs.org/has-tostringtag set size:undefined disposed:false
88 http fetch GET 200 https://registry.npmjs.org/delayed-stream 69ms (cache miss)
89 silly packumentCache full:https://registry.npmjs.org/delayed-stream set size:undefined disposed:false
90 http fetch GET 200 https://registry.npmjs.org/mime-db 71ms (cache updated)
91 silly packumentCache full:https://registry.npmjs.org/mime-db set size:undefined disposed:false
92 silly placeDep ROOT delayed-stream@1.0.0 OK for: combined-stream@1.0.8 want: ~1.0.0
93 silly placeDep ROOT has-tostringtag@1.0.2 OK for: es-set-tostringtag@2.1.0 want: ^1.0.2
94 silly placeDep node_modules/form-data mime-db@1.52.0 OK for: mime-types@2.1.35 want: 1.52.0
95 silly reify moves {}
96 silly audit bulk request {
96 silly audit   '@mapbox/node-pre-gyp': [ '1.0.11' ],
96 silly audit   '@mongodb-js/saslprep': [ '1.2.2' ],
96 silly audit   '@types/webidl-conversions': [ '7.0.3' ],
96 silly audit   '@types/whatwg-url': [ '11.0.5' ],
96 silly audit   abbrev: [ '1.1.1' ],
96 silly audit   accepts: [ '2.0.0' ],
96 silly audit   'agent-base': [ '6.0.2' ],
96 silly audit   'ansi-regex': [ '5.0.1' ],
96 silly audit   anymatch: [ '3.1.3' ],
96 silly audit   aproba: [ '2.0.0' ],
96 silly audit   'are-we-there-yet': [ '2.0.0' ],
96 silly audit   'balanced-match': [ '1.0.2' ],
96 silly audit   bcrypt: [ '5.1.1' ],
96 silly audit   bcryptjs: [ '3.0.2' ],
96 silly audit   'binary-extensions': [ '2.3.0' ],
96 silly audit   'body-parser': [ '2.2.0' ],
96 silly audit   'brace-expansion': [ '1.1.11' ],
96 silly audit   braces: [ '3.0.3' ],
96 silly audit   bson: [ '6.10.3' ],
96 silly audit   'buffer-equal-constant-time': [ '1.0.1' ],
96 silly audit   bytes: [ '3.1.2' ],
96 silly audit   'call-bind-apply-helpers': [ '1.0.2' ],
96 silly audit   'call-bound': [ '1.0.4' ],
96 silly audit   chokidar: [ '3.6.0' ],
96 silly audit   chownr: [ '2.0.0' ],
96 silly audit   'color-support': [ '1.1.3' ],
96 silly audit   'concat-map': [ '0.0.1' ],
96 silly audit   'console-control-strings': [ '1.1.0' ],
96 silly audit   'content-disposition': [ '1.0.0' ],
96 silly audit   'content-type': [ '1.0.5' ],
96 silly audit   cookie: [ '0.7.2' ],
96 silly audit   'cookie-signature': [ '1.2.2' ],
96 silly audit   cors: [ '2.8.5' ],
96 silly audit   debug: [ '4.4.0' ],
96 silly audit   delegates: [ '1.0.0' ],
96 silly audit   depd: [ '2.0.0' ],
96 silly audit   'detect-libc': [ '2.0.3' ],
96 silly audit   'dunder-proto': [ '1.0.1' ],
96 silly audit   'ecdsa-sig-formatter': [ '1.0.11' ],
96 silly audit   'ee-first': [ '1.1.1' ],
96 silly audit   'emoji-regex': [ '8.0.0' ],
96 silly audit   encodeurl: [ '2.0.0' ],
96 silly audit   'es-define-property': [ '1.0.1' ],
96 silly audit   'es-errors': [ '1.3.0' ],
96 silly audit   'es-object-atoms': [ '1.1.1' ],
96 silly audit   'escape-html': [ '1.0.3' ],
96 silly audit   etag: [ '1.8.1' ],
96 silly audit   express: [ '5.1.0' ],
96 silly audit   'fill-range': [ '7.1.1' ],
96 silly audit   finalhandler: [ '2.1.0' ],
96 silly audit   forwarded: [ '0.2.0' ],
96 silly audit   fresh: [ '2.0.0' ],
96 silly audit   'fs-minipass': [ '2.1.0' ],
96 silly audit   minipass: [ '3.3.6', '5.0.0' ],
96 silly audit   'fs.realpath': [ '1.0.0' ],
96 silly audit   fsevents: [ '2.3.3' ],
96 silly audit   'function-bind': [ '1.1.2' ],
96 silly audit   gauge: [ '3.0.2' ],
96 silly audit   'get-intrinsic': [ '1.3.0' ],
96 silly audit   'get-proto': [ '1.0.1' ],
96 silly audit   glob: [ '7.2.3' ],
96 silly audit   'glob-parent': [ '5.1.2' ],
96 silly audit   gopd: [ '1.2.0' ],
96 silly audit   'has-flag': [ '3.0.0' ],
96 silly audit   'has-symbols': [ '1.1.0' ],
96 silly audit   'has-unicode': [ '2.0.1' ],
96 silly audit   hasown: [ '2.0.2' ],
96 silly audit   'http-errors': [ '2.0.0' ],
96 silly audit   'https-proxy-agent': [ '5.0.1' ],
96 silly audit   'iconv-lite': [ '0.6.3' ],
96 silly audit   'ignore-by-default': [ '1.0.1' ],
96 silly audit   inflight: [ '1.0.6' ],
96 silly audit   inherits: [ '2.0.4' ],
96 silly audit   'ipaddr.js': [ '1.9.1' ],
96 silly audit   'is-binary-path': [ '2.1.0' ],
96 silly audit   'is-extglob': [ '2.1.1' ],
96 silly audit   'is-fullwidth-code-point': [ '3.0.0' ],
96 silly audit   'is-glob': [ '4.0.3' ],
96 silly audit   'is-number': [ '7.0.0' ],
96 silly audit   'is-promise': [ '4.0.0' ],
96 silly audit   jsonwebtoken: [ '9.0.2' ],
96 silly audit   jwa: [ '1.4.1' ],
96 silly audit   jws: [ '3.2.2' ],
96 silly audit   kareem: [ '2.6.3' ],
96 silly audit   'lodash.includes': [ '4.3.0' ],
96 silly audit   'lodash.isboolean': [ '3.0.3' ],
96 silly audit   'lodash.isinteger': [ '4.0.4' ],
96 silly audit   'lodash.isnumber': [ '3.0.3' ],
96 silly audit   'lodash.isplainobject': [ '4.0.6' ],
96 silly audit   'lodash.isstring': [ '4.0.1' ],
96 silly audit   'lodash.once': [ '4.1.1' ],
96 silly audit   'make-dir': [ '3.1.0' ],
96 silly audit   semver: [ '6.3.1', '7.7.1' ],
96 silly audit   'math-intrinsics': [ '1.1.0' ],
96 silly audit   'media-typer': [ '1.1.0' ],
96 silly audit   'memory-pager': [ '1.5.0' ],
96 silly audit   'merge-descriptors': [ '2.0.0' ],
96 silly audit   'mime-db': [ '1.54.0', '1.52.0' ],
96 silly audit   'mime-types': [ '3.0.1', '2.1.35' ],
96 silly audit   minimatch: [ '3.1.2' ],
96 silly audit   minizlib: [ '2.1.2' ],
96 silly audit   mkdirp: [ '1.0.4' ],
96 silly audit   mongodb: [ '6.15.0' ],
96 silly audit   'mongodb-connection-string-url': [ '3.0.2' ],
96 silly audit   mongoose: [ '8.13.2' ],
96 silly audit   mpath: [ '0.9.0' ],
96 silly audit   mquery: [ '5.0.0' ],
96 silly audit   ms: [ '2.1.3' ],
96 silly audit   negotiator: [ '1.0.0' ],
96 silly audit   'node-addon-api': [ '5.1.0' ],
96 silly audit   'node-fetch': [ '2.7.0' ],
96 silly audit   tr46: [ '0.0.3', '5.1.0' ],
96 silly audit   'webidl-conversions': [ '3.0.1', '7.0.0' ],
96 silly audit   'whatwg-url': [ '5.0.0', '14.2.0' ],
96 silly audit   nodemon: [ '3.1.9' ],
96 silly audit   nopt: [ '5.0.0' ],
96 silly audit   'normalize-path': [ '3.0.0' ],
96 silly audit   npmlog: [ '5.0.1' ],
96 silly audit   'object-assign': [ '4.1.1' ],
96 silly audit   'object-inspect': [ '1.13.4' ],
96 silly audit   'on-finished': [ '2.4.1' ],
96 silly audit   once: [ '1.4.0' ],
96 silly audit   parseurl: [ '1.3.3' ],
96 silly audit   'path-is-absolute': [ '1.0.1' ],
96 silly audit   'path-to-regexp': [ '8.2.0' ],
96 silly audit   picomatch: [ '2.3.1' ],
96 silly audit   'proxy-addr': [ '2.0.7' ],
96 silly audit   'pstree.remy': [ '1.1.8' ],
96 silly audit   punycode: [ '2.3.1' ],
96 silly audit   qs: [ '6.14.0' ],
96 silly audit   'range-parser': [ '1.2.1' ],
96 silly audit   'raw-body': [ '3.0.0' ],
96 silly audit   'readable-stream': [ '3.6.2' ],
96 silly audit   readdirp: [ '3.6.0' ],
96 silly audit   rimraf: [ '3.0.2' ],
96 silly audit   router: [ '2.2.0' ],
96 silly audit   'safe-buffer': [ '5.2.1' ],
96 silly audit   'safer-buffer': [ '2.1.2' ],
96 silly audit   send: [ '1.2.0' ],
96 silly audit   'serve-static': [ '2.2.0' ],
96 silly audit   'set-blocking': [ '2.0.0' ],
96 silly audit   setprototypeof: [ '1.2.0' ],
96 silly audit   'side-channel': [ '1.1.0' ],
96 silly audit   'side-channel-list': [ '1.0.0' ],
96 silly audit   'side-channel-map': [ '1.0.1' ],
96 silly audit   'side-channel-weakmap': [ '1.0.2' ],
96 silly audit   sift: [ '17.1.3' ],
96 silly audit   'signal-exit': [ '3.0.7' ],
96 silly audit   'simple-update-notifier': [ '2.0.0' ],
96 silly audit   'sparse-bitfield': [ '3.0.3' ],
96 silly audit   statuses: [ '2.0.1' ],
96 silly audit   string_decoder: [ '1.3.0' ],
96 silly audit   'string-width': [ '4.2.3' ],
96 silly audit   'strip-ansi': [ '6.0.1' ],
96 silly audit   'supports-color': [ '5.5.0' ],
96 silly audit   tar: [ '6.2.1' ],
96 silly audit   'to-regex-range': [ '5.0.1' ],
96 silly audit   toidentifier: [ '1.0.1' ],
96 silly audit   touch: [ '3.1.1' ],
96 silly audit   'type-is': [ '2.0.1' ],
96 silly audit   undefsafe: [ '2.0.5' ],
96 silly audit   unpipe: [ '1.0.0' ],
96 silly audit   'util-deprecate': [ '1.0.2' ],
96 silly audit   vary: [ '1.1.2' ],
96 silly audit   'wide-align': [ '1.1.5' ],
96 silly audit   wrappy: [ '1.0.2' ],
96 silly audit   yallist: [ '4.0.0' ],
96 silly audit   dotenv: [ '16.5.0' ],
96 silly audit   twilio: [ '5.5.2' ],
96 silly audit   axios: [ '1.8.4' ],
96 silly audit   dayjs: [ '1.11.13' ],
96 silly audit   scmp: [ '2.1.0' ],
96 silly audit   xmlbuilder: [ '13.0.2' ],
96 silly audit   'follow-redirects': [ '1.15.9' ],
96 silly audit   'form-data': [ '4.0.2' ],
96 silly audit   'proxy-from-env': [ '1.1.0' ],
96 silly audit   asynckit: [ '0.4.0' ],
96 silly audit   'combined-stream': [ '1.0.8' ],
96 silly audit   'es-set-tostringtag': [ '2.1.0' ],
96 silly audit   'delayed-stream': [ '1.0.0' ],
96 silly audit   'has-tostringtag': [ '1.0.2' ]
96 silly audit }
97 verbose reify failed optional dependency D:\JavaScript\Real Estate Website\backend\node_modules\fsevents
98 silly reify mark deleted [
98 silly reify   'D:\\JavaScript\\Real Estate Website\\backend\\node_modules\\fsevents'
98 silly reify ]
99 silly tarball no local data for has-tostringtag@https://registry.npmjs.org/has-tostringtag/-/has-tostringtag-1.0.2.tgz. Extracting by manifest.
100 silly tarball no local data for es-set-tostringtag@https://registry.npmjs.org/es-set-tostringtag/-/es-set-tostringtag-2.1.0.tgz. Extracting by manifest.
101 silly tarball no local data for combined-stream@https://registry.npmjs.org/combined-stream/-/combined-stream-1.0.8.tgz. Extracting by manifest.
102 silly tarball no local data for asynckit@https://registry.npmjs.org/asynckit/-/asynckit-0.4.0.tgz. Extracting by manifest.
103 silly tarball no local data for form-data@https://registry.npmjs.org/form-data/-/form-data-4.0.2.tgz. Extracting by manifest.
104 silly tarball no local data for follow-redirects@https://registry.npmjs.org/follow-redirects/-/follow-redirects-1.15.9.tgz. Extracting by manifest.
105 silly tarball no local data for delayed-stream@https://registry.npmjs.org/delayed-stream/-/delayed-stream-1.0.0.tgz. Extracting by manifest.
106 silly tarball no local data for xmlbuilder@https://registry.npmjs.org/xmlbuilder/-/xmlbuilder-13.0.2.tgz. Extracting by manifest.
107 silly tarball no local data for scmp@https://registry.npmjs.org/scmp/-/scmp-2.1.0.tgz. Extracting by manifest.
108 silly tarball no local data for proxy-from-env@https://registry.npmjs.org/proxy-from-env/-/proxy-from-env-1.1.0.tgz. Extracting by manifest.
109 silly tarball no local data for dayjs@https://registry.npmjs.org/dayjs/-/dayjs-1.11.13.tgz. Extracting by manifest.
110 silly tarball no local data for axios@https://registry.npmjs.org/axios/-/axios-1.8.4.tgz. Extracting by manifest.
111 silly tarball no local data for dotenv@https://registry.npmjs.org/dotenv/-/dotenv-16.5.0.tgz. Extracting by manifest.
112 silly tarball no local data for mime-types@https://registry.npmjs.org/mime-types/-/mime-types-2.1.35.tgz. Extracting by manifest.
113 silly tarball no local data for twilio@https://registry.npmjs.org/twilio/-/twilio-5.5.2.tgz. Extracting by manifest.
114 silly tarball no local data for mime-db@https://registry.npmjs.org/mime-db/-/mime-db-1.52.0.tgz. Extracting by manifest.
115 http fetch GET 200 https://registry.npmjs.org/combined-stream/-/combined-stream-1.0.8.tgz 173ms (cache miss)
116 http fetch GET 200 https://registry.npmjs.org/es-set-tostringtag/-/es-set-tostringtag-2.1.0.tgz 223ms (cache miss)
117 http fetch GET 200 https://registry.npmjs.org/mime-db/-/mime-db-1.52.0.tgz 216ms (cache miss)
118 http fetch GET 200 https://registry.npmjs.org/delayed-stream/-/delayed-stream-1.0.0.tgz 225ms (cache miss)
119 http fetch GET 200 https://registry.npmjs.org/mime-types/-/mime-types-2.1.35.tgz 228ms (cache miss)
120 http fetch GET 200 https://registry.npmjs.org/proxy-from-env/-/proxy-from-env-1.1.0.tgz 240ms (cache miss)
121 http fetch GET 200 https://registry.npmjs.org/form-data/-/form-data-4.0.2.tgz 251ms (cache miss)
122 http fetch GET 200 https://registry.npmjs.org/scmp/-/scmp-2.1.0.tgz 250ms (cache miss)
123 http fetch GET 200 https://registry.npmjs.org/follow-redirects/-/follow-redirects-1.15.9.tgz 253ms (cache miss)
124 http fetch GET 200 https://registry.npmjs.org/has-tostringtag/-/has-tostringtag-1.0.2.tgz 259ms (cache miss)
125 http fetch GET 200 https://registry.npmjs.org/dotenv/-/dotenv-16.5.0.tgz 267ms (cache miss)
126 http fetch GET 200 https://registry.npmjs.org/asynckit/-/asynckit-0.4.0.tgz 279ms (cache miss)
127 http fetch POST 200 https://registry.npmjs.org/-/npm/v1/security/advisories/bulk 333ms
128 silly audit report {}
129 http fetch GET 200 https://registry.npmjs.org/xmlbuilder/-/xmlbuilder-13.0.2.tgz 328ms (cache miss)
130 http fetch GET 200 https://registry.npmjs.org/axios/-/axios-1.8.4.tgz 452ms (cache miss)
131 http fetch GET 200 https://registry.npmjs.org/dayjs/-/dayjs-1.11.13.tgz 757ms (cache miss)
132 http fetch GET 200 https://registry.npmjs.org/twilio/-/twilio-5.5.2.tgz 2673ms (cache miss)
133 silly ADD node_modules/has-tostringtag
134 silly ADD node_modules/delayed-stream
135 silly ADD node_modules/es-set-tostringtag
136 silly ADD node_modules/combined-stream
137 silly ADD node_modules/asynckit
138 silly ADD node_modules/proxy-from-env
139 silly ADD node_modules/form-data
140 silly ADD node_modules/form-data/node_modules/mime-db
141 silly ADD node_modules/form-data/node_modules/mime-types
142 silly ADD node_modules/follow-redirects
143 silly ADD node_modules/xmlbuilder
144 silly ADD node_modules/scmp
145 silly ADD node_modules/dayjs
146 silly ADD node_modules/axios
147 silly ADD node_modules/twilio
148 silly ADD node_modules/dotenv
149 silly ADD
150 verbose cwd D:\JavaScript\Real Estate Website\backend
151 verbose os Windows_NT 10.0.22631
152 verbose node v22.12.0
153 verbose npm  v10.9.0
154 verbose exit 0
155 info ok
