0 verbose cli D:\node.exe D:\node_modules\npm\bin\npm-cli.js
1 info using npm@10.9.0
2 info using node@v22.12.0
3 silly config load:file:D:\node_modules\npm\npmrc
4 silly config load:file:D:\JavaScript\Real Estate Website\.npmrc
5 silly config load:file:C:\Users\user\.npmrc
6 silly config load:file:D:\JavaScript\Real Estate Website\backend\user\npm-global\etc\npmrc
7 verbose title npm install mongoose
8 verbose argv "install" "mongoose"
9 verbose logfile logs-max:10 dir:D:\JavaScript\Real Estate Website\backend\%USERPROFILE%\npm-cache\_logs\2025-04-07T15_24_47_808Z-
10 verbose logfile D:\JavaScript\Real Estate Website\backend\%USERPROFILE%\npm-cache\_logs\2025-04-07T15_24_47_808Z-debug-0.log
11 silly logfile done cleaning log files
12 silly packumentCache heap:4345298944 maxSize:1086324736 maxEntrySize:543162368
13 silly idealTree buildDeps
14 silly fetch manifest mongoose@^8.13.0
15 silly packumentCache full:https://registry.npmjs.org/mongoose cache-miss
16 http fetch GET 200 https://registry.npmjs.org/mongoose 616ms (cache miss)
17 silly packumentCache full:https://registry.npmjs.org/mongoose set size:undefined disposed:false
18 silly placeDep ROOT mongoose@8.13.2 REPLACE for: real-estate-website@1.0.0 want: ^8.13.0
19 silly reify mark retired [ 'D:\\JavaScript\\Real Estate Website\\node_modules\\mongoose' ]
20 silly reify moves {
20 silly reify   'D:\\JavaScript\\Real Estate Website\\node_modules\\mongoose': 'D:\\JavaScript\\Real Estate Website\\node_modules\\.mongoose-vnOzuD6t'
20 silly reify }
21 silly audit bulk request {
21 silly audit   '@mongodb-js/saslprep': [ '1.2.0' ],
21 silly audit   '@types/webidl-conversions': [ '7.0.3' ],
21 silly audit   '@types/whatwg-url': [ '11.0.5' ],
21 silly audit   accepts: [ '1.3.8' ],
21 silly audit   'array-flatten': [ '1.1.1' ],
21 silly audit   'body-parser': [ '1.20.3' ],
21 silly audit   bson: [ '6.10.3' ],
21 silly audit   bytes: [ '3.1.2' ],
21 silly audit   'call-bind-apply-helpers': [ '1.0.2' ],
21 silly audit   'call-bound': [ '1.0.3' ],
21 silly audit   'content-disposition': [ '0.5.4' ],
21 silly audit   'content-type': [ '1.0.5' ],
21 silly audit   cookie: [ '0.7.1' ],
21 silly audit   'cookie-signature': [ '1.0.6' ],
21 silly audit   cors: [ '2.8.5' ],
21 silly audit   debug: [ '2.6.9', '4.4.0' ],
21 silly audit   depd: [ '2.0.0' ],
21 silly audit   destroy: [ '1.2.0' ],
21 silly audit   'dunder-proto': [ '1.0.1' ],
21 silly audit   'ee-first': [ '1.1.1' ],
21 silly audit   encodeurl: [ '2.0.0', '1.0.2' ],
21 silly audit   'es-define-property': [ '1.0.1' ],
21 silly audit   'es-errors': [ '1.3.0' ],
21 silly audit   'es-object-atoms': [ '1.1.1' ],
21 silly audit   'escape-html': [ '1.0.3' ],
21 silly audit   etag: [ '1.8.1' ],
21 silly audit   express: [ '4.21.2' ],
21 silly audit   finalhandler: [ '1.3.1' ],
21 silly audit   forwarded: [ '0.2.0' ],
21 silly audit   fresh: [ '0.5.2' ],
21 silly audit   'function-bind': [ '1.1.2' ],
21 silly audit   'get-intrinsic': [ '1.2.7' ],
21 silly audit   'get-proto': [ '1.0.1' ],
21 silly audit   gopd: [ '1.2.0' ],
21 silly audit   'has-symbols': [ '1.1.0' ],
21 silly audit   hasown: [ '2.0.2' ],
21 silly audit   'http-errors': [ '2.0.0' ],
21 silly audit   'iconv-lite': [ '0.4.24' ],
21 silly audit   inherits: [ '2.0.4' ],
21 silly audit   'ipaddr.js': [ '1.9.1' ],
21 silly audit   kareem: [ '2.6.3' ],
21 silly audit   'math-intrinsics': [ '1.1.0' ],
21 silly audit   'media-typer': [ '0.3.0' ],
21 silly audit   'memory-pager': [ '1.5.0' ],
21 silly audit   'merge-descriptors': [ '1.0.3' ],
21 silly audit   methods: [ '1.1.2' ],
21 silly audit   mime: [ '1.6.0' ],
21 silly audit   'mime-db': [ '1.52.0' ],
21 silly audit   'mime-types': [ '2.1.35' ],
21 silly audit   mongodb: [ '6.15.0' ],
21 silly audit   'mongodb-connection-string-url': [ '3.0.2' ],
21 silly audit   ms: [ '2.1.3', '2.0.0' ],
21 silly audit   mpath: [ '0.9.0' ],
21 silly audit   mquery: [ '5.0.0' ],
21 silly audit   negotiator: [ '0.6.3' ],
21 silly audit   'object-assign': [ '4.1.1' ],
21 silly audit   'object-inspect': [ '1.13.4' ],
21 silly audit   'on-finished': [ '2.4.1' ],
21 silly audit   parseurl: [ '1.3.3' ],
21 silly audit   'path-to-regexp': [ '0.1.12' ],
21 silly audit   'proxy-addr': [ '2.0.7' ],
21 silly audit   punycode: [ '2.3.1' ],
21 silly audit   qs: [ '6.13.0' ],
21 silly audit   'range-parser': [ '1.2.1' ],
21 silly audit   'raw-body': [ '2.5.2' ],
21 silly audit   react: [ '19.1.0' ],
21 silly audit   'safe-buffer': [ '5.2.1' ],
21 silly audit   'safer-buffer': [ '2.1.2' ],
21 silly audit   send: [ '0.19.0' ],
21 silly audit   'serve-static': [ '1.16.2' ],
21 silly audit   setprototypeof: [ '1.2.0' ],
21 silly audit   'side-channel': [ '1.1.0' ],
21 silly audit   'side-channel-list': [ '1.0.0' ],
21 silly audit   'side-channel-map': [ '1.0.1' ],
21 silly audit   'side-channel-weakmap': [ '1.0.2' ],
21 silly audit   sift: [ '17.1.3' ],
21 silly audit   'sparse-bitfield': [ '3.0.3' ],
21 silly audit   statuses: [ '2.0.1' ],
21 silly audit   toidentifier: [ '1.0.1' ],
21 silly audit   tr46: [ '5.1.0' ],
21 silly audit   'type-is': [ '1.6.18' ],
21 silly audit   unpipe: [ '1.0.0' ],
21 silly audit   'utils-merge': [ '1.0.1' ],
21 silly audit   vary: [ '1.1.2' ],
21 silly audit   'webidl-conversions': [ '7.0.0' ],
21 silly audit   'whatwg-url': [ '14.2.0' ],
21 silly audit   mongoose: [ '8.13.2' ]
21 silly audit }
22 silly tarball no local data for mongoose@https://registry.npmjs.org/mongoose/-/mongoose-8.13.2.tgz. Extracting by manifest.
23 http fetch POST 200 https://registry.npmjs.org/-/npm/v1/security/advisories/bulk 363ms
24 silly audit report {}
25 http fetch GET 200 https://registry.npmjs.org/mongoose/-/mongoose-8.13.2.tgz 420ms (cache miss)
26 http fetch GET 200 https://registry.npmjs.org/npm 1265ms
27 silly CHANGE node_modules/mongoose
28 verbose cwd D:\JavaScript\Real Estate Website\backend
29 verbose os Windows_NT 10.0.22631
30 verbose node v22.12.0
31 verbose npm  v10.9.0
32 notice
32 notice New [31mmajor[39m version of npm available! [31m10.9.0[39m -> [34m11.2.0[39m
32 notice Changelog: [34mhttps://github.com/npm/cli/releases/tag/v11.2.0[39m
32 notice To update run: [4mnpm install -g npm@11.2.0[24m
32 notice  { force: true, [Symbol(proc-log.meta)]: true }
33 verbose exit 0
34 info ok
