0 verbose cli D:\node.exe D:\node_modules\npm\bin\npm-cli.js
1 info using npm@10.9.0
2 info using node@v22.12.0
3 silly config load:file:D:\node_modules\npm\npmrc
4 silly config load:file:D:\JavaScript\Real Estate Website\.npmrc
5 silly config load:file:C:\Users\user\.npmrc
6 silly config load:file:D:\JavaScript\Real Estate Website\user\npm-global\etc\npmrc
7 verbose title npm install mongoose
8 verbose argv "install" "mongoose"
9 verbose logfile logs-max:10 dir:D:\JavaScript\Real Estate Website\%USERPROFILE%\npm-cache\_logs\2025-03-25T06_19_44_972Z-
10 verbose logfile D:\JavaScript\Real Estate Website\%USERPROFILE%\npm-cache\_logs\2025-03-25T06_19_44_972Z-debug-0.log
11 silly logfile done cleaning log files
12 silly packumentCache heap:4345298944 maxSize:1086324736 maxEntrySize:543162368
13 silly idealTree buildDeps
14 silly fetch manifest mongoose@*
15 silly packumentCache full:https://registry.npmjs.org/mongoose cache-miss
16 http fetch GET 200 https://registry.npmjs.org/npm 266ms
17 http fetch GET 200 https://registry.npmjs.org/mongoose 238ms (cache miss)
18 silly packumentCache full:https://registry.npmjs.org/mongoose set size:undefined disposed:false
19 silly placeDep ROOT mongoose@8.13.0 OK for: real-estate-website@1.0.0 want: *
20 silly fetch manifest bson@^6.10.3
21 silly packumentCache full:https://registry.npmjs.org/bson cache-miss
22 silly fetch manifest kareem@2.6.3
23 silly packumentCache full:https://registry.npmjs.org/kareem cache-miss
24 silly fetch manifest mongodb@~6.15.0
25 silly packumentCache full:https://registry.npmjs.org/mongodb cache-miss
26 silly fetch manifest mpath@0.9.0
27 silly packumentCache full:https://registry.npmjs.org/mpath cache-miss
28 silly fetch manifest mquery@5.0.0
29 silly packumentCache full:https://registry.npmjs.org/mquery cache-miss
30 silly fetch manifest ms@2.1.3
31 silly packumentCache full:https://registry.npmjs.org/ms cache-miss
32 silly fetch manifest sift@17.1.3
33 silly packumentCache full:https://registry.npmjs.org/sift cache-miss
34 http fetch GET 200 https://registry.npmjs.org/kareem 86ms (cache miss)
35 silly packumentCache full:https://registry.npmjs.org/kareem set size:undefined disposed:false
36 http fetch GET 200 https://registry.npmjs.org/bson 98ms (cache miss)
37 silly packumentCache full:https://registry.npmjs.org/bson set size:undefined disposed:false
38 http fetch GET 200 https://registry.npmjs.org/mpath 154ms (cache miss)
39 silly packumentCache full:https://registry.npmjs.org/mpath set size:undefined disposed:false
40 http fetch GET 200 https://registry.npmjs.org/ms 157ms (cache updated)
41 silly packumentCache full:https://registry.npmjs.org/ms set size:undefined disposed:false
42 http fetch GET 200 https://registry.npmjs.org/mquery 171ms (cache miss)
43 silly packumentCache full:https://registry.npmjs.org/mquery set size:undefined disposed:false
44 http fetch GET 200 https://registry.npmjs.org/sift 184ms (cache miss)
45 silly packumentCache full:https://registry.npmjs.org/sift set size:undefined disposed:false
46 http fetch GET 200 https://registry.npmjs.org/mongodb 215ms (cache miss)
47 silly packumentCache full:https://registry.npmjs.org/mongodb set size:undefined disposed:false
48 silly placeDep ROOT bson@6.10.3 OK for: mongoose@8.13.0 want: ^6.10.3
49 silly placeDep ROOT kareem@2.6.3 OK for: mongoose@8.13.0 want: 2.6.3
50 silly placeDep ROOT mongodb@6.15.0 OK for: mongoose@8.13.0 want: ~6.15.0
51 silly placeDep ROOT mpath@0.9.0 OK for: mongoose@8.13.0 want: 0.9.0
52 silly placeDep ROOT mquery@5.0.0 OK for: mongoose@8.13.0 want: 5.0.0
53 silly placeDep node_modules/mongoose ms@2.1.3 OK for: mongoose@8.13.0 want: 2.1.3
54 silly placeDep ROOT sift@17.1.3 OK for: mongoose@8.13.0 want: 17.1.3
55 silly fetch manifest @mongodb-js/saslprep@^1.1.9
56 silly packumentCache full:https://registry.npmjs.org/@mongodb-js%2fsaslprep cache-miss
57 silly fetch manifest mongodb-connection-string-url@^3.0.0
58 silly packumentCache full:https://registry.npmjs.org/mongodb-connection-string-url cache-miss
59 silly fetch manifest debug@4.x
60 silly packumentCache full:https://registry.npmjs.org/debug cache-miss
61 http fetch GET 200 https://registry.npmjs.org/mongodb-connection-string-url 48ms (cache miss)
62 silly packumentCache full:https://registry.npmjs.org/mongodb-connection-string-url set size:undefined disposed:false
63 http fetch GET 200 https://registry.npmjs.org/@mongodb-js%2fsaslprep 66ms (cache miss)
64 silly packumentCache full:https://registry.npmjs.org/@mongodb-js%2fsaslprep set size:undefined disposed:false
65 http fetch GET 200 https://registry.npmjs.org/debug 70ms (cache updated)
66 silly packumentCache full:https://registry.npmjs.org/debug set size:undefined disposed:false
67 silly placeDep ROOT @mongodb-js/saslprep@1.2.0 OK for: mongodb@6.15.0 want: ^1.1.9
68 silly placeDep ROOT mongodb-connection-string-url@3.0.2 OK for: mongodb@6.15.0 want: ^3.0.0
69 silly fetch manifest sparse-bitfield@^3.0.3
70 silly packumentCache full:https://registry.npmjs.org/sparse-bitfield cache-miss
71 silly fetch manifest whatwg-url@^14.1.0 || ^13.0.0
72 silly packumentCache full:https://registry.npmjs.org/whatwg-url cache-miss
73 silly fetch manifest @types/whatwg-url@^11.0.2
74 silly packumentCache full:https://registry.npmjs.org/@types%2fwhatwg-url cache-miss
75 http fetch GET 200 https://registry.npmjs.org/sparse-bitfield 44ms (cache miss)
76 silly packumentCache full:https://registry.npmjs.org/sparse-bitfield set size:undefined disposed:false
77 http fetch GET 200 https://registry.npmjs.org/@types%2fwhatwg-url 66ms (cache miss)
78 silly packumentCache full:https://registry.npmjs.org/@types%2fwhatwg-url set size:undefined disposed:false
79 http fetch GET 200 https://registry.npmjs.org/whatwg-url 70ms (cache miss)
80 silly packumentCache full:https://registry.npmjs.org/whatwg-url set size:undefined disposed:false
81 silly placeDep ROOT sparse-bitfield@3.0.3 OK for: @mongodb-js/saslprep@1.2.0 want: ^3.0.3
82 silly fetch manifest memory-pager@^1.0.2
83 silly packumentCache full:https://registry.npmjs.org/memory-pager cache-miss
84 http fetch GET 200 https://registry.npmjs.org/memory-pager 52ms (cache miss)
85 silly packumentCache full:https://registry.npmjs.org/memory-pager set size:undefined disposed:false
86 silly placeDep ROOT @types/whatwg-url@11.0.5 OK for: mongodb-connection-string-url@3.0.2 want: ^11.0.2
87 silly placeDep ROOT whatwg-url@14.2.0 OK for: mongodb-connection-string-url@3.0.2 want: ^14.1.0 || ^13.0.0
88 silly fetch manifest @types/webidl-conversions@*
89 silly packumentCache full:https://registry.npmjs.org/@types%2fwebidl-conversions cache-miss
90 silly fetch manifest tr46@^5.1.0
91 silly packumentCache full:https://registry.npmjs.org/tr46 cache-miss
92 silly fetch manifest webidl-conversions@^7.0.0
93 silly packumentCache full:https://registry.npmjs.org/webidl-conversions cache-miss
94 http fetch GET 200 https://registry.npmjs.org/@types%2fwebidl-conversions 57ms (cache miss)
95 silly packumentCache full:https://registry.npmjs.org/@types%2fwebidl-conversions set size:undefined disposed:false
96 http fetch GET 200 https://registry.npmjs.org/tr46 58ms (cache miss)
97 silly packumentCache full:https://registry.npmjs.org/tr46 set size:undefined disposed:false
98 http fetch GET 200 https://registry.npmjs.org/webidl-conversions 66ms (cache miss)
99 silly packumentCache full:https://registry.npmjs.org/webidl-conversions set size:undefined disposed:false
100 silly placeDep ROOT @types/webidl-conversions@7.0.3 OK for: @types/whatwg-url@11.0.5 want: *
101 silly placeDep node_modules/mquery debug@4.4.0 OK for: mquery@5.0.0 want: 4.x
102 silly fetch manifest ms@^2.1.3
103 silly packumentCache full:https://registry.npmjs.org/ms cache-miss
104 http fetch GET 200 https://registry.npmjs.org/ms 32ms (cache hit)
105 silly packumentCache full:https://registry.npmjs.org/ms set size:84883 disposed:false
106 silly placeDep ROOT memory-pager@1.5.0 OK for: sparse-bitfield@3.0.3 want: ^1.0.2
107 silly placeDep ROOT tr46@5.1.0 OK for: whatwg-url@14.2.0 want: ^5.1.0
108 silly placeDep ROOT webidl-conversions@7.0.0 OK for: whatwg-url@14.2.0 want: ^7.0.0
109 silly fetch manifest punycode@^2.3.1
110 silly packumentCache full:https://registry.npmjs.org/punycode cache-miss
111 http fetch GET 200 https://registry.npmjs.org/punycode 44ms (cache miss)
112 silly packumentCache full:https://registry.npmjs.org/punycode set size:undefined disposed:false
113 silly placeDep ROOT punycode@2.3.1 OK for: tr46@5.1.0 want: ^2.3.1
114 silly placeDep node_modules/mquery ms@2.1.3 OK for: debug@4.4.0 want: ^2.1.3
115 silly reify moves {}
116 silly audit bulk request {
116 silly audit   accepts: [ '1.3.8' ],
116 silly audit   'array-flatten': [ '1.1.1' ],
116 silly audit   'body-parser': [ '1.20.3' ],
116 silly audit   bytes: [ '3.1.2' ],
116 silly audit   'call-bind-apply-helpers': [ '1.0.2' ],
116 silly audit   'call-bound': [ '1.0.3' ],
116 silly audit   'content-disposition': [ '0.5.4' ],
116 silly audit   'content-type': [ '1.0.5' ],
116 silly audit   cookie: [ '0.7.1' ],
116 silly audit   'cookie-signature': [ '1.0.6' ],
116 silly audit   debug: [ '2.6.9', '4.4.0' ],
116 silly audit   depd: [ '2.0.0' ],
116 silly audit   destroy: [ '1.2.0' ],
116 silly audit   'dunder-proto': [ '1.0.1' ],
116 silly audit   'ee-first': [ '1.1.1' ],
116 silly audit   encodeurl: [ '2.0.0', '1.0.2' ],
116 silly audit   'es-define-property': [ '1.0.1' ],
116 silly audit   'es-errors': [ '1.3.0' ],
116 silly audit   'es-object-atoms': [ '1.1.1' ],
116 silly audit   'escape-html': [ '1.0.3' ],
116 silly audit   etag: [ '1.8.1' ],
116 silly audit   express: [ '4.21.2' ],
116 silly audit   finalhandler: [ '1.3.1' ],
116 silly audit   forwarded: [ '0.2.0' ],
116 silly audit   fresh: [ '0.5.2' ],
116 silly audit   'function-bind': [ '1.1.2' ],
116 silly audit   'get-intrinsic': [ '1.2.7' ],
116 silly audit   'get-proto': [ '1.0.1' ],
116 silly audit   gopd: [ '1.2.0' ],
116 silly audit   'has-symbols': [ '1.1.0' ],
116 silly audit   hasown: [ '2.0.2' ],
116 silly audit   'http-errors': [ '2.0.0' ],
116 silly audit   'iconv-lite': [ '0.4.24' ],
116 silly audit   inherits: [ '2.0.4' ],
116 silly audit   'ipaddr.js': [ '1.9.1' ],
116 silly audit   'math-intrinsics': [ '1.1.0' ],
116 silly audit   'media-typer': [ '0.3.0' ],
116 silly audit   'merge-descriptors': [ '1.0.3' ],
116 silly audit   methods: [ '1.1.2' ],
116 silly audit   mime: [ '1.6.0' ],
116 silly audit   'mime-db': [ '1.52.0' ],
116 silly audit   'mime-types': [ '2.1.35' ],
116 silly audit   ms: [ '2.0.0', '2.1.3' ],
116 silly audit   negotiator: [ '0.6.3' ],
116 silly audit   'object-inspect': [ '1.13.4' ],
116 silly audit   'on-finished': [ '2.4.1' ],
116 silly audit   parseurl: [ '1.3.3' ],
116 silly audit   'path-to-regexp': [ '0.1.12' ],
116 silly audit   'proxy-addr': [ '2.0.7' ],
116 silly audit   qs: [ '6.13.0' ],
116 silly audit   'range-parser': [ '1.2.1' ],
116 silly audit   'raw-body': [ '2.5.2' ],
116 silly audit   'safe-buffer': [ '5.2.1' ],
116 silly audit   'safer-buffer': [ '2.1.2' ],
116 silly audit   send: [ '0.19.0' ],
116 silly audit   'serve-static': [ '1.16.2' ],
116 silly audit   setprototypeof: [ '1.2.0' ],
116 silly audit   'side-channel': [ '1.1.0' ],
116 silly audit   'side-channel-list': [ '1.0.0' ],
116 silly audit   'side-channel-map': [ '1.0.1' ],
116 silly audit   'side-channel-weakmap': [ '1.0.2' ],
116 silly audit   statuses: [ '2.0.1' ],
116 silly audit   toidentifier: [ '1.0.1' ],
116 silly audit   'type-is': [ '1.6.18' ],
116 silly audit   unpipe: [ '1.0.0' ],
116 silly audit   'utils-merge': [ '1.0.1' ],
116 silly audit   vary: [ '1.1.2' ],
116 silly audit   mongoose: [ '8.13.0' ],
116 silly audit   bson: [ '6.10.3' ],
116 silly audit   kareem: [ '2.6.3' ],
116 silly audit   mongodb: [ '6.15.0' ],
116 silly audit   mpath: [ '0.9.0' ],
116 silly audit   mquery: [ '5.0.0' ],
116 silly audit   sift: [ '17.1.3' ],
116 silly audit   '@mongodb-js/saslprep': [ '1.2.0' ],
116 silly audit   'mongodb-connection-string-url': [ '3.0.2' ],
116 silly audit   'sparse-bitfield': [ '3.0.3' ],
116 silly audit   '@types/whatwg-url': [ '11.0.5' ],
116 silly audit   'whatwg-url': [ '14.2.0' ],
116 silly audit   '@types/webidl-conversions': [ '7.0.3' ],
116 silly audit   'memory-pager': [ '1.5.0' ],
116 silly audit   tr46: [ '5.1.0' ],
116 silly audit   'webidl-conversions': [ '7.0.0' ],
116 silly audit   punycode: [ '2.3.1' ]
116 silly audit }
117 silly tarball no local data for punycode@https://registry.npmjs.org/punycode/-/punycode-2.3.1.tgz. Extracting by manifest.
118 silly tarball no local data for @types/webidl-conversions@https://registry.npmjs.org/@types/webidl-conversions/-/webidl-conversions-7.0.3.tgz. Extracting by manifest.
119 silly tarball no local data for webidl-conversions@https://registry.npmjs.org/webidl-conversions/-/webidl-conversions-7.0.0.tgz. Extracting by manifest.
120 silly tarball no local data for @types/whatwg-url@https://registry.npmjs.org/@types/whatwg-url/-/whatwg-url-11.0.5.tgz. Extracting by manifest.
121 silly tarball no local data for memory-pager@https://registry.npmjs.org/memory-pager/-/memory-pager-1.5.0.tgz. Extracting by manifest.
122 silly tarball no local data for whatwg-url@https://registry.npmjs.org/whatwg-url/-/whatwg-url-14.2.0.tgz. Extracting by manifest.
123 silly tarball no local data for sparse-bitfield@https://registry.npmjs.org/sparse-bitfield/-/sparse-bitfield-3.0.3.tgz. Extracting by manifest.
124 silly tarball no local data for mongodb-connection-string-url@https://registry.npmjs.org/mongodb-connection-string-url/-/mongodb-connection-string-url-3.0.2.tgz. Extracting by manifest.
125 silly tarball no local data for tr46@https://registry.npmjs.org/tr46/-/tr46-5.1.0.tgz. Extracting by manifest.
126 silly tarball no local data for @mongodb-js/saslprep@https://registry.npmjs.org/@mongodb-js/saslprep/-/saslprep-1.2.0.tgz. Extracting by manifest.
127 silly tarball no local data for sift@https://registry.npmjs.org/sift/-/sift-17.1.3.tgz. Extracting by manifest.
128 silly tarball no local data for mquery@https://registry.npmjs.org/mquery/-/mquery-5.0.0.tgz. Extracting by manifest.
129 silly tarball no local data for mongodb@https://registry.npmjs.org/mongodb/-/mongodb-6.15.0.tgz. Extracting by manifest.
130 silly tarball no local data for mpath@https://registry.npmjs.org/mpath/-/mpath-0.9.0.tgz. Extracting by manifest.
131 silly tarball no local data for bson@https://registry.npmjs.org/bson/-/bson-6.10.3.tgz. Extracting by manifest.
132 silly tarball no local data for kareem@https://registry.npmjs.org/kareem/-/kareem-2.6.3.tgz. Extracting by manifest.
133 silly tarball no local data for mongoose@https://registry.npmjs.org/mongoose/-/mongoose-8.13.0.tgz. Extracting by manifest.
134 silly tarball no local data for debug@https://registry.npmjs.org/debug/-/debug-4.4.0.tgz. Extracting by manifest.
135 http fetch GET 200 https://registry.npmjs.org/memory-pager/-/memory-pager-1.5.0.tgz 200ms (cache miss)
136 http fetch GET 200 https://registry.npmjs.org/webidl-conversions/-/webidl-conversions-7.0.0.tgz 209ms (cache miss)
137 http fetch GET 200 https://registry.npmjs.org/@types/webidl-conversions/-/webidl-conversions-7.0.3.tgz 212ms (cache miss)
138 http fetch GET 200 https://registry.npmjs.org/@types/whatwg-url/-/whatwg-url-11.0.5.tgz 215ms (cache miss)
139 http fetch GET 200 https://registry.npmjs.org/punycode/-/punycode-2.3.1.tgz 223ms (cache miss)
140 http fetch GET 200 https://registry.npmjs.org/debug/-/debug-4.4.0.tgz 223ms (cache miss)
141 http fetch GET 200 https://registry.npmjs.org/sparse-bitfield/-/sparse-bitfield-3.0.3.tgz 255ms (cache miss)
142 http fetch GET 200 https://registry.npmjs.org/kareem/-/kareem-2.6.3.tgz 256ms (cache miss)
143 http fetch POST 200 https://registry.npmjs.org/-/npm/v1/security/advisories/bulk 304ms
144 silly audit report {}
145 http fetch GET 200 https://registry.npmjs.org/mongodb-connection-string-url/-/mongodb-connection-string-url-3.0.2.tgz 297ms (cache miss)
146 http fetch GET 200 https://registry.npmjs.org/mpath/-/mpath-0.9.0.tgz 322ms (cache miss)
147 http fetch GET 200 https://registry.npmjs.org/whatwg-url/-/whatwg-url-14.2.0.tgz 339ms (cache miss)
148 http fetch GET 200 https://registry.npmjs.org/tr46/-/tr46-5.1.0.tgz 349ms (cache miss)
149 http fetch GET 200 https://registry.npmjs.org/mquery/-/mquery-5.0.0.tgz 360ms (cache miss)
150 http fetch GET 200 https://registry.npmjs.org/sift/-/sift-17.1.3.tgz 392ms (cache miss)
151 http fetch GET 200 https://registry.npmjs.org/@mongodb-js/saslprep/-/saslprep-1.2.0.tgz 422ms (cache miss)
152 http fetch GET 200 https://registry.npmjs.org/bson/-/bson-6.10.3.tgz 519ms (cache miss)
153 http fetch GET 200 https://registry.npmjs.org/mongoose/-/mongoose-8.13.0.tgz 777ms (cache miss)
154 http fetch GET 200 https://registry.npmjs.org/mongodb/-/mongodb-6.15.0.tgz 988ms (cache miss)
155 silly ADD node_modules/punycode
156 silly ADD node_modules/webidl-conversions
157 silly ADD node_modules/tr46
158 silly ADD node_modules/memory-pager
159 silly ADD node_modules/@types/webidl-conversions
160 silly ADD node_modules/whatwg-url
161 silly ADD node_modules/@types/whatwg-url
162 silly ADD node_modules/sparse-bitfield
163 silly ADD node_modules/mongodb-connection-string-url
164 silly ADD node_modules/@mongodb-js/saslprep
165 silly ADD node_modules/sift
166 silly ADD node_modules/mquery
167 silly ADD node_modules/mquery/node_modules/ms
168 silly ADD node_modules/mquery/node_modules/debug
169 silly ADD node_modules/mpath
170 silly ADD node_modules/mongodb
171 silly ADD node_modules/kareem
172 silly ADD node_modules/bson
173 silly ADD node_modules/mongoose
174 silly ADD node_modules/mongoose/node_modules/ms
175 verbose cwd D:\JavaScript\Real Estate Website
176 verbose os Windows_NT 10.0.22631
177 verbose node v22.12.0
178 verbose npm  v10.9.0
179 notice
179 notice New [31mmajor[39m version of npm available! [31m10.9.0[39m -> [34m11.2.0[39m
179 notice Changelog: [34mhttps://github.com/npm/cli/releases/tag/v11.2.0[39m
179 notice To update run: [4mnpm install -g npm@11.2.0[24m
179 notice  { force: true, [Symbol(proc-log.meta)]: true }
180 verbose exit 0
181 info ok
